<?xml version="1.0" encoding="UTF-8"?>
<!-- Generated by org.testng.reporters.JUnitReportReporter -->
<testsuite skipped="0" hostname="DESKTOP-C87K6JS" name="org.SearchProduct.TestCase5" tests="2" failures="0" timestamp="2023-06-20T14:45:17 IST" time="145.674" errors="0">
  <testcase name="scenarioDemo" time="63.716" classname="org.SearchProduct.TestCase5"/>
  <system-out/>
  <testcase name="scenarioDemo" time="81.958" classname="org.SearchProduct.TestCase5"/>
  <system-out/>
</testsuite> <!-- org.SearchProduct.TestCase5 -->
