<?xml version="1.0" encoding="UTF-8"?>
<!-- Generated by org.testng.reporters.JUnitReportReporter -->
<testsuite hostname="DESKTOP-C87K6JS" failures="0" tests="1" name="org.InvaldLoginTestcase.TestCase3N" time="2.566" errors="0" timestamp="2023-06-19T13:30:52 IST" skipped="0">
  <testcase classname="org.InvaldLoginTestcase.TestCase3N" name="scenarioDemo" time="2.566"/>
  <system-out/>
</testsuite> <!-- org.InvaldLoginTestcase.TestCase3N -->
