<?xml version="1.0" encoding="UTF-8"?>
<!-- Generated by org.testng.reporters.JUnitReportReporter -->
<testsuite hostname="DESKTOP-C87K6JS" failures="0" tests="1" name="org.LoginTestCase.TestCase2N" time="13.503" errors="0" timestamp="2023-06-19T13:20:15 IST" skipped="0">
  <testcase classname="org.LoginTestCase.TestCase2N" name="scenarioDemo" time="13.503"/>
  <system-out/>
</testsuite> <!-- org.LoginTestCase.TestCase2N -->
