<?xml version="1.0" encoding="UTF-8"?>
<!-- Generated by org.testng.reporters.JUnitReportReporter -->
<testsuite skipped="0" hostname="DESKTOP-C87K6JS" name="org.RemoveFromCart.TestCase4" tests="2" failures="0" timestamp="2023-06-20T14:45:17 IST" time="62.735" errors="0">
  <testcase name="scenarioDemo" time="39.350" classname="org.RemoveFromCart.TestCase4"/>
  <system-out/>
  <testcase name="scenarioDemo" time="23.385" classname="org.RemoveFromCart.TestCase4"/>
  <system-out/>
</testsuite> <!-- org.RemoveFromCart.TestCase4 -->
