<?xml version="1.0" encoding="UTF-8"?>
<!-- Generated by org.testng.reporters.JUnitReportReporter -->
<testsuite hostname="DESKTOP-C87K6JS" failures="0" tests="1" name="org.SearchProduct.TestCase5N" time="35.561" errors="0" timestamp="2023-06-19T18:05:13 IST" skipped="0">
  <testcase classname="org.SearchProduct.TestCase5N" name="scenarioDemo" time="35.561"/>
  <system-out/>
</testsuite> <!-- org.SearchProduct.TestCase5N -->
