<?xml version="1.0" encoding="UTF-8"?>
<!-- Generated by org.testng.reporters.JUnitReportReporter -->
<testsuite hostname="DESKTOP-C87K6JS" failures="0" tests="1" name="org.Testcase.TestCaseN" time="21.074" errors="0" timestamp="2023-06-19T22:23:57 IST" skipped="0">
  <testcase classname="org.Testcase.TestCaseN" name="scenarioDemo" time="21.074"/>
  <system-out/>
</testsuite> <!-- org.Testcase.TestCaseN -->
