<?xml version="1.0" encoding="UTF-8"?>
<!-- Generated by org.testng.reporters.JUnitReportReporter -->
<testsuite skipped="0" hostname="DESKTOP-C87K6JS" name="org.LoginTestCase.TestCase2" tests="2" failures="0" timestamp="2023-06-20T14:45:17 IST" time="43.648" errors="0">
  <testcase name="scenarioDemo" time="21.555" classname="org.LoginTestCase.TestCase2"/>
  <system-out/>
  <testcase name="scenarioDemo" time="22.093" classname="org.LoginTestCase.TestCase2"/>
  <system-out/>
</testsuite> <!-- org.LoginTestCase.TestCase2 -->
