<?xml version="1.0" encoding="UTF-8"?>
<!-- Generated by org.testng.reporters.JUnitReportReporter -->
<testsuite hostname="DESKTOP-C87K6JS" failures="0" tests="1" name="org.RemoveFromCart.TestCase4N" time="15.126" errors="0" timestamp="2023-06-19T14:35:50 IST" skipped="0">
  <testcase classname="org.RemoveFromCart.TestCase4N" name="scenarioDemo" time="15.126"/>
  <system-out/>
</testsuite> <!-- org.RemoveFromCart.TestCase4N -->
